[2025-02-19 21:22:51] INFO: Start Server
[2025-02-19 21:23:17] INFO: Directive to: ./www/index.html
[2025-02-19 21:23:17] INFO: 200 OK in get request
[2025-02-19 21:23:17] INFO: Directive to: ./www/style.css
[2025-02-19 21:23:17] INFO: 200 OK in get request
[2025-02-19 21:23:17] INFO: Directive to: ./www/script.js
[2025-02-19 21:23:17] INFO: 200 OK in get request
[2025-02-19 21:23:21] INFO: Directive to: ./www/contact.html
[2025-02-19 21:23:21] INFO: 200 OK in get request
[2025-02-19 21:23:21] INFO: Directive to: ./www/style.css
[2025-02-19 21:23:21] INFO: 200 OK in get request
[2025-02-19 21:25:54] INFO: Directive to: ./www/index.html
[2025-02-19 21:25:54] INFO: 200 OK in get request
[2025-02-19 21:25:54] INFO: Directive to: ./www/script.js
[2025-02-19 21:25:54] INFO: 200 OK in get request
[2025-02-19 21:25:54] INFO: Directive to: ./www/style.css
[2025-02-19 21:25:54] INFO: 200 OK in get request
[2025-02-19 21:26:26] ERROR: 400 Bad Request

Incomplete Content-Length
[2025-02-19 21:26:26] ERROR: Error detected Request scope
[2025-02-19 21:26:26] INFO: Directive to: ./www/upload/test.txt
[2025-02-19 21:26:26] ERROR: 400 Bad request in post request
[2025-02-19 21:27:21] ERROR: 400 Bad Request

Incomplete Content-Length
[2025-02-19 21:27:21] ERROR: Error detected Request scope
[2025-02-19 21:27:21] INFO: Directive to: ./www/upload/test.txt
[2025-02-19 21:27:21] ERROR: 400 Bad request in post request
[2025-02-19 21:27:35] INFO: Directive to: ./www/upload/test.txt
[2025-02-19 21:27:35] ERROR: 404 Error in delete handle
[2025-02-19 21:31:15] INFO: Start Server
[2025-02-19 21:31:16] INFO: Directive to: ./www/index.html
[2025-02-19 21:31:16] INFO: 200 OK in get request
[2025-02-19 21:31:16] INFO: Directive to: ./www/style.css
[2025-02-19 21:31:16] INFO: 200 OK in get request
[2025-02-19 21:31:16] INFO: Directive to: ./www/script.js
[2025-02-19 21:31:16] INFO: 200 OK in get request
[2025-02-19 21:31:27] ERROR: 400 Bad Request

Incomplete Content-Length
[2025-02-19 21:31:27] ERROR: Error detected Request scope
[2025-02-19 21:31:27] INFO: Directive to: ./www/upload/test.txt
[2025-02-19 21:31:27] ERROR: 400 Bad request in post request
[2025-02-19 21:32:18] INFO: Directive to: ./www/upload/test.txt
[2025-02-19 21:32:18] ERROR: 404 Error in delete handle
[2025-02-19 21:32:48] INFO: Start Server
[2025-02-19 21:32:50] INFO: Directive to: ./www/index.html
[2025-02-19 21:32:50] INFO: 200 OK in get request
[2025-02-19 21:32:50] INFO: Directive to: ./www/style.css
[2025-02-19 21:32:50] INFO: 200 OK in get request
[2025-02-19 21:32:50] INFO: Directive to: ./www/script.js
[2025-02-19 21:32:50] INFO: 200 OK in get request
[2025-02-19 21:32:56] ERROR: 400 Bad Request

Incomplete Content-Length
[2025-02-19 21:32:56] ERROR: Error detected Request scope
[2025-02-19 21:32:56] INFO: Directive to: ./www/upload/test.txt
[2025-02-19 21:32:56] ERROR: 400 Bad request in post request
[2025-02-19 21:43:58] INFO: Start Server
[2025-02-19 21:44:07] INFO: Directive to: ./www/index.html
[2025-02-19 21:44:07] INFO: 200 OK in get request
[2025-02-19 21:44:07] INFO: Directive to: ./www/style.css
[2025-02-19 21:44:07] INFO: 200 OK in get request
[2025-02-19 21:44:07] INFO: Directive to: ./www/script.js
[2025-02-19 21:44:07] INFO: 200 OK in get request
[2025-02-19 21:44:20] ERROR: 400 Bad Request

Incomplete Content-Length
[2025-02-19 21:44:20] ERROR: Error detected Request scope
[2025-02-19 21:44:20] INFO: Directive to: ./www/upload/test.txt
[2025-02-19 21:44:20] ERROR: 400 Bad request in post request
[2025-02-19 21:48:21] INFO: Start Server
[2025-02-19 21:48:28] INFO: Directive to: ./www/index.html
[2025-02-19 21:48:28] INFO: 200 OK in get request
[2025-02-19 21:48:28] INFO: Directive to: ./www/style.css
[2025-02-19 21:48:28] INFO: 200 OK in get request
[2025-02-19 21:48:28] INFO: Directive to: ./www/script.js
[2025-02-19 21:48:28] INFO: 200 OK in get request
[2025-02-19 21:48:33] ERROR: 400 Bad Request

Failed to read full request body
[2025-02-19 21:48:33] ERROR: Error detected Request scope
[2025-02-19 21:48:33] INFO: Directive to: ./www/upload/test.txt
[2025-02-19 21:48:33] ERROR: 400 Bad request in post request
[2025-02-19 22:08:26] INFO: Start Server
[2025-02-19 22:08:27] INFO: Directive to: ./www/index.html
[2025-02-19 22:08:27] INFO: 200 OK in get request
[2025-02-19 22:08:27] INFO: Directive to: ./www/style.css
[2025-02-19 22:08:27] INFO: 200 OK in get request
[2025-02-19 22:08:27] INFO: Directive to: ./www/script.js
[2025-02-19 22:08:27] INFO: 200 OK in get request
[2025-02-19 22:08:32] ERROR: 400 Bad request
[2025-02-19 22:08:32] ERROR: Error detected Request scope
[2025-02-19 22:08:32] INFO: Directive to: ./www/upload/test.txt
[2025-02-19 22:08:32] ERROR: 400 Bad request in post request
[2025-02-19 22:25:14] INFO: Start Server
[2025-02-19 22:25:20] INFO: Directive to: ./www/index.html
[2025-02-19 22:25:20] INFO: 200 OK in get request
[2025-02-19 22:25:20] INFO: Directive to: ./www/style.css
[2025-02-19 22:25:20] INFO: 200 OK in get request
[2025-02-19 22:25:20] INFO: Directive to: ./www/script.js
[2025-02-19 22:25:20] INFO: 200 OK in get request
[2025-02-19 22:25:25] ERROR: 404 Bad Request

Failed to read full request body
[2025-02-19 22:25:25] ERROR: Error detected Request scope
[2025-02-19 22:25:25] INFO: Directive to: ./www/upload/test.txt
[2025-02-19 22:25:25] ERROR: 400 Bad request in post request
[2025-02-19 22:29:52] INFO: Start Server
[2025-02-19 22:29:58] INFO: Directive to: ./www/index.html
[2025-02-19 22:29:58] INFO: 200 OK in get request
[2025-02-19 22:29:59] INFO: Directive to: ./www/style.css
[2025-02-19 22:29:59] INFO: 200 OK in get request
[2025-02-19 22:29:59] INFO: Directive to: ./www/script.js
[2025-02-19 22:29:59] INFO: 200 OK in get request
[2025-02-19 22:30:03] ERROR: 404 Bad Request: Failed to read full request body
[2025-02-19 22:30:03] ERROR: Error detected Request scope
[2025-02-19 22:30:03] INFO: Directive to: ./www/upload/test.txt
[2025-02-19 22:30:03] ERROR: 400 Bad request in post request
[2025-02-19 22:47:03] INFO: Start Server
[2025-02-19 22:47:08] INFO: Directive to: ./www/index.html
[2025-02-19 22:47:08] INFO: 200 OK in get request
[2025-02-19 22:47:08] INFO: Directive to: ./www/style.css
[2025-02-19 22:47:08] INFO: 200 OK in get request
[2025-02-19 22:47:08] INFO: Directive to: ./www/script.js
[2025-02-19 22:47:08] INFO: 200 OK in get request
[2025-02-19 22:47:14] ERROR: 404 Bad Request: Failed to read full request body
[2025-02-19 22:47:14] ERROR: Error detected Request scope
[2025-02-19 22:47:14] INFO: Directive to: ./www/upload/test.txt
[2025-02-19 22:47:14] ERROR: 400 Bad request in post request
[2025-02-19 23:00:13] INFO: Start Server
[2025-02-19 23:00:18] ERROR: 400 Bad Request

Unsupported HTTP version
[2025-02-19 23:00:18] ERROR: Error detected Request scope
[2025-02-19 23:00:18] WARNING: No matching server_name. Using default server
[2025-02-19 23:00:18] INFO: Directive to: ./www
[2025-02-19 23:00:18] ERROR: 405 error in process request
[2025-02-19 23:00:22] ERROR: 400 Bad Request

Unsupported HTTP version
[2025-02-19 23:00:22] ERROR: Error detected Request scope
[2025-02-19 23:00:22] WARNING: No matching server_name. Using default server
[2025-02-19 23:00:22] INFO: Directive to: ./www
[2025-02-19 23:00:22] ERROR: 405 error in process request
[2025-02-19 23:02:24] INFO: Start Server
[2025-02-19 23:02:29] ERROR: 400 Bad Request

Unsupported HTTP version
[2025-02-19 23:02:29] ERROR: Error detected Request scope
[2025-02-19 23:02:29] WARNING: No matching server_name. Using default server
[2025-02-19 23:02:29] INFO: Directive to: ./www
[2025-02-19 23:02:29] ERROR: 405 error in process request
[2025-02-19 23:06:32] INFO: Start Server
[2025-02-19 23:06:39] ERROR: 400 Bad Request

Unsupported HTTP version
[2025-02-19 23:06:39] ERROR: Error detected Request scope
[2025-02-19 23:06:39] WARNING: No matching server_name. Using default server
[2025-02-19 23:06:39] INFO: Directive to: ./www
[2025-02-19 23:06:39] ERROR: 405 error in process request
[2025-02-19 23:06:39] ERROR: 400 Bad Request

Unsupported HTTP version
[2025-02-19 23:06:39] ERROR: Error detected Request scope
[2025-02-19 23:06:39] WARNING: No matching server_name. Using default server
[2025-02-19 23:06:39] INFO: Directive to: ./www
[2025-02-19 23:06:39] ERROR: 405 error in process request
[2025-02-19 23:09:51] INFO: Start Server
[2025-02-19 23:09:56] INFO: Parsing Request Line: GET /index.html HTTP/1.1
[2025-02-19 23:09:56] INFO: Directive to: ./www/index.html
[2025-02-19 23:09:56] INFO: 200 OK in get request
[2025-02-19 23:09:56] INFO: Parsing Request Line: GET /script.js HTTP/1.1
[2025-02-19 23:09:56] INFO: Directive to: ./www/script.js
[2025-02-19 23:09:56] INFO: 200 OK in get request
[2025-02-19 23:09:56] INFO: Parsing Request Line: GET /style.css HTTP/1.1
[2025-02-19 23:09:56] INFO: Directive to: ./www/style.css
[2025-02-19 23:09:56] INFO: 200 OK in get request
[2025-02-19 23:10:09] INFO: Parsing Request Line: POST /upload/test.txt HTTP/1.1
[2025-02-19 23:10:09] ERROR: 404 Bad Request: Failed to read full request body
[2025-02-19 23:10:09] ERROR: Error detected Request scope
[2025-02-19 23:10:09] INFO: Directive to: ./www/upload/test.txt
[2025-02-19 23:10:09] ERROR: 400 Bad request in post request
[2025-02-19 23:24:20] INFO: Start Server
[2025-02-19 23:24:31] INFO: Parsing Request Line: GET /index.html HTTP/1.1
[2025-02-19 23:24:31] INFO: Directive to: ./www/index.html
[2025-02-19 23:24:31] INFO: 200 OK in get request
[2025-02-19 23:24:31] INFO: Parsing Request Line: GET /style.css HTTP/1.1
[2025-02-19 23:24:31] INFO: Directive to: ./www/style.css
[2025-02-19 23:24:31] INFO: 200 OK in get request
[2025-02-19 23:24:31] INFO: Parsing Request Line: GET /script.js HTTP/1.1
[2025-02-19 23:24:31] INFO: Directive to: ./www/script.js
[2025-02-19 23:24:31] INFO: 200 OK in get request
[2025-02-19 23:24:31] INFO: Parsing Request Line: GET /favicon.ico HTTP/1.1
[2025-02-19 23:24:31] INFO: Directive to: ./www/favicon.ico
[2025-02-19 23:24:31] ERROR: 404 File Not Found

Cannot open file
[2025-02-19 23:24:55] INFO: Parsing Request Line: GET /index.html HTTP/1.1
[2025-02-19 23:24:55] INFO: Directive to: ./www/index.html
[2025-02-19 23:24:55] INFO: 200 OK in get request
[2025-02-19 23:24:55] INFO: Parsing Request Line: GET /style.css HTTP/1.1
[2025-02-19 23:24:55] INFO: Directive to: ./www/style.css
[2025-02-19 23:24:55] INFO: 200 OK in get request
[2025-02-19 23:24:55] INFO: Parsing Request Line: GET /script.js HTTP/1.1
[2025-02-19 23:24:55] INFO: Directive to: ./www/script.js
[2025-02-19 23:24:55] INFO: 200 OK in get request
[2025-02-19 23:24:58] INFO: Parsing Request Line: GET /index.html HTTP/1.1
[2025-02-19 23:24:58] INFO: Directive to: ./www/index.html
[2025-02-19 23:24:58] INFO: 200 OK in get request
[2025-02-19 23:24:58] INFO: Parsing Request Line: GET /style.css HTTP/1.1
[2025-02-19 23:24:58] INFO: Directive to: ./www/style.css
[2025-02-19 23:24:58] INFO: 200 OK in get request
[2025-02-19 23:24:58] INFO: Parsing Request Line: GET /script.js HTTP/1.1
[2025-02-19 23:24:58] INFO: Directive to: ./www/script.js
[2025-02-19 23:24:58] INFO: 200 OK in get request
[2025-02-19 23:25:02] INFO: Parsing Request Line: GET /index.html HTTP/1.1
[2025-02-19 23:25:02] INFO: Directive to: ./www/index.html
[2025-02-19 23:25:02] INFO: 200 OK in get request
[2025-02-19 23:25:02] INFO: Parsing Request Line: GET /style.css HTTP/1.1
[2025-02-19 23:25:02] INFO: Directive to: ./www/style.css
[2025-02-19 23:25:02] INFO: 200 OK in get request
[2025-02-19 23:25:02] INFO: Parsing Request Line: GET /script.js HTTP/1.1
[2025-02-19 23:25:02] INFO: Directive to: ./www/script.js
[2025-02-19 23:25:02] INFO: 200 OK in get request
[2025-02-19 23:25:42] INFO: Parsing Request Line: POST /upload/test.txt HTTP/1.1
[2025-02-19 23:25:42] ERROR: 404 Bad Request: Failed to read full request body
[2025-02-19 23:25:42] ERROR: Error detected Request scope
[2025-02-19 23:25:42] INFO: Directive to: ./www/upload/test.txt
[2025-02-19 23:25:42] ERROR: 400 Bad request in post request
[2025-02-19 23:34:54] INFO: Start Server
[2025-02-19 23:35:00] INFO: Parsing Request Line: GET /index.html HTTP/1.1
[2025-02-19 23:35:00] INFO: Directive to: ./www/index.html
[2025-02-19 23:35:00] INFO: 200 OK in get request
[2025-02-19 23:35:00] INFO: Parsing Request Line: GET /style.css HTTP/1.1
[2025-02-19 23:35:00] INFO: Directive to: ./www/style.css
[2025-02-19 23:35:00] INFO: 200 OK in get request
[2025-02-19 23:35:00] INFO: Parsing Request Line: GET /script.js HTTP/1.1
[2025-02-19 23:35:00] INFO: Directive to: ./www/script.js
[2025-02-19 23:35:00] INFO: 200 OK in get request
[2025-02-19 23:37:03] INFO: Start Server
[2025-02-19 23:37:09] INFO: Parsing Request Line: POST /upload/test.txt HTTP/1.1
[2025-02-19 23:37:09] INFO: Directive to: ./www/upload/test.txt
[2025-02-19 23:37:09] ERROR: 400 Bad request in post request
[2025-02-19 23:37:39] INFO: Parsing Request Line: POST /upload/test.txt HTTP/1.1
[2025-02-19 23:37:39] INFO: Directive to: ./www/upload/test.txt
[2025-02-19 23:37:39] ERROR: 400 Bad request in post request
[2025-02-19 23:38:36] INFO: Start Server
[2025-02-19 23:38:38] INFO: Parsing Request Line: GET /index.html HTTP/1.1
[2025-02-19 23:38:38] INFO: Directive to: ./www/index.html
[2025-02-19 23:38:38] INFO: 200 OK in get request
[2025-02-19 23:38:38] INFO: Parsing Request Line: GET /style.css HTTP/1.1
[2025-02-19 23:38:38] INFO: Directive to: ./www/style.css
[2025-02-19 23:38:38] INFO: 200 OK in get request
[2025-02-19 23:38:38] INFO: Parsing Request Line: GET /script.js HTTP/1.1
[2025-02-19 23:38:38] INFO: Directive to: ./www/script.js
[2025-02-19 23:38:38] INFO: 200 OK in get request
[2025-02-19 23:38:46] INFO: Parsing Request Line: POST /upload/test.txt HTTP/1.1
[2025-02-19 23:38:46] INFO: Directive to: ./www/upload/test.txt
[2025-02-19 23:38:46] ERROR: 400 Bad request in post request
[2025-02-19 23:45:38] INFO: Start Server
[2025-02-19 23:45:43] INFO: Parsing Request Line: GET /index.html HTTP/1.1
[2025-02-19 23:45:43] INFO: Directive to: ./www/index.html
[2025-02-19 23:45:43] INFO: 200 OK in get request
[2025-02-19 23:45:43] INFO: Parsing Request Line: GET /style.css HTTP/1.1
[2025-02-19 23:45:43] INFO: Directive to: ./www/style.css
[2025-02-19 23:45:43] INFO: 200 OK in get request
[2025-02-19 23:45:43] INFO: Parsing Request Line: GET /script.js HTTP/1.1
[2025-02-19 23:45:43] INFO: Directive to: ./www/script.js
[2025-02-19 23:45:43] INFO: 200 OK in get request
[2025-02-19 23:45:49] INFO: Parsing Request Line: POST /upload/test.txt HTTP/1.1
[2025-02-19 23:45:49] INFO: Directive to: ./www/upload/test.txt
[2025-02-19 23:45:49] ERROR: 400 Bad request in post request
[2025-02-19 23:53:41] INFO: Start Server
[2025-02-19 23:54:14] INFO: Parsing Request Line: GET /index.html HTTP/1.1
[2025-02-19 23:54:14] INFO: Parsing Request Line: GET /index.html HTTP/1.1
[2025-02-19 23:54:14] INFO: Parsing Request Line: GET /index.html HTTP/1.1
[2025-02-19 23:54:14] INFO: Directive to: ./www/index.html
[2025-02-19 23:54:14] INFO: 200 OK in get request
[2025-02-19 23:54:14] INFO: Parsing Request Line: GET /style.css HTTP/1.1
[2025-02-19 23:54:14] INFO: Parsing Request Line: GET /style.css HTTP/1.1
[2025-02-19 23:54:14] INFO: Parsing Request Line: GET /style.css HTTP/1.1
[2025-02-19 23:54:14] INFO: Directive to: ./www/style.css
[2025-02-19 23:54:14] INFO: 200 OK in get request
[2025-02-19 23:54:14] INFO: Parsing Request Line: GET /script.js HTTP/1.1
[2025-02-19 23:54:14] INFO: Parsing Request Line: GET /script.js HTTP/1.1
[2025-02-19 23:54:14] INFO: Parsing Request Line: GET /script.js HTTP/1.1
[2025-02-19 23:54:14] INFO: Directive to: ./www/script.js
[2025-02-19 23:54:14] INFO: 200 OK in get request
[2025-02-19 23:54:20] INFO: Parsing Request Line: POST /upload/test.txt HTTP/1.1
[2025-02-19 23:54:20] INFO: Parsing Request Line: POST /upload/test.txt HTTP/1.1
[2025-02-19 23:54:20] INFO: Parsing Request Line: POST /upload/test.txt HTTP/1.1
[2025-02-19 23:54:20] INFO: Directive to: ./www/upload/test.txt
[2025-02-19 23:54:20] ERROR: 400 Bad request in post request: Empty body
[2025-02-20 00:04:36] INFO: Start Server
[2025-02-20 00:04:41] INFO: Parsing Request Line: GET /index.html HTTP/1.1
[2025-02-20 00:04:41] INFO: Parsing Request Line: GET /index.html HTTP/1.1
[2025-02-20 00:04:41] INFO: Parsing Request Line: GET /index.html HTTP/1.1
[2025-02-20 00:04:41] INFO: Directive to: ./www/index.html
[2025-02-20 00:04:41] INFO: 200 OK in get request
[2025-02-20 00:04:41] INFO: Parsing Request Line: GET /style.css HTTP/1.1
[2025-02-20 00:04:41] INFO: Parsing Request Line: GET /style.css HTTP/1.1
[2025-02-20 00:04:41] INFO: Parsing Request Line: GET /style.css HTTP/1.1
[2025-02-20 00:04:41] INFO: Directive to: ./www/style.css
[2025-02-20 00:04:41] INFO: 200 OK in get request
[2025-02-20 00:04:41] INFO: Parsing Request Line: GET /script.js HTTP/1.1
[2025-02-20 00:04:41] INFO: Parsing Request Line: GET /script.js HTTP/1.1
[2025-02-20 00:04:41] INFO: Parsing Request Line: GET /script.js HTTP/1.1
[2025-02-20 00:04:41] INFO: Directive to: ./www/script.js
[2025-02-20 00:04:41] INFO: 200 OK in get request
[2025-02-20 00:04:47] INFO: Parsing Request Line: POST /upload/test.txt HTTP/1.1
[2025-02-20 00:04:47] INFO: Parsing Request Line: POST /upload/test.txt HTTP/1.1
[2025-02-20 00:04:47] INFO: Parsing Request Line: POST /upload/test.txt HTTP/1.1
[2025-02-20 00:04:47] INFO: Directive to: ./www/upload/test.txt
[2025-02-20 00:04:47] ERROR: 400 Bad request in post request: Empty body
[2025-02-20 00:06:07] INFO: Start Server
[2025-02-20 00:06:15] INFO: Parsing Request Line: GET /index.html HTTP/1.1
[2025-02-20 00:06:15] INFO: Parsing Request Line: GET /index.html HTTP/1.1
[2025-02-20 00:06:15] INFO: Parsing Request Line: GET /index.html HTTP/1.1
[2025-02-20 00:06:15] INFO: Directive to: ./www/index.html
[2025-02-20 00:06:15] INFO: 200 OK in get request
[2025-02-20 00:06:15] INFO: Parsing Request Line: GET /style.css HTTP/1.1
[2025-02-20 00:06:15] INFO: Parsing Request Line: GET /style.css HTTP/1.1
[2025-02-20 00:06:15] INFO: Parsing Request Line: GET /style.css HTTP/1.1
[2025-02-20 00:06:15] INFO: Directive to: ./www/style.css
[2025-02-20 00:06:15] INFO: 200 OK in get request
[2025-02-20 00:06:15] INFO: Parsing Request Line: GET /script.js HTTP/1.1
[2025-02-20 00:06:15] INFO: Parsing Request Line: GET /script.js HTTP/1.1
[2025-02-20 00:06:15] INFO: Parsing Request Line: GET /script.js HTTP/1.1
[2025-02-20 00:06:15] INFO: Directive to: ./www/script.js
[2025-02-20 00:06:15] INFO: 200 OK in get request
[2025-02-20 00:06:20] INFO: Parsing Request Line: POST /upload/test.txt HTTP/1.1
[2025-02-20 00:06:20] INFO: Successfully received full request body (213 bytes)
[2025-02-20 00:06:20] INFO: Parsing Request Line: POST /upload/test.txt HTTP/1.1
[2025-02-20 00:06:20] INFO: Successfully received full request body (213 bytes)
[2025-02-20 00:06:20] INFO: Parsing Request Line: POST /upload/test.txt HTTP/1.1
[2025-02-20 00:06:20] INFO: Successfully received full request body (213 bytes)
[2025-02-20 00:06:20] INFO: Directive to: ./www/upload/test.txt
[2025-02-20 00:06:20] INFO: 201 POST request accepted
